<?xml version="1.0" encoding="UTF-8"?>
<!-- Generated by org.testng.reporters.JUnitXMLReporter -->
<testsuite hostname="LAPTOP-LBH78844" name="challengingDomTest" tests="1" failures="1" timestamp="18 Feb 2021 23:52:49 GMT" time="7.145" errors="0">
  <testcase name="blueButton" time="0.857" classname="BFramework.challengingDomTest">
    <failure type="java.lang.AssertionError" message="expected [true] but found [false]">
      <![CDATA[java.lang.AssertionError: expected [true] but found [false]
	at BFramework.challengingDomTest.blueButton(challengingDomTest.java:39)
	at java.util.concurrent.FutureTask.run(Unknown Source)
	at java.util.concurrent.ThreadPoolExecutor.runWorker(Unknown Source)
	at java.util.concurrent.ThreadPoolExecutor$Worker.run(Unknown Source)
	at java.lang.Thread.run(Unknown Source)
... Removed 20 stack frames]]>
    </failure>
  </testcase> <!-- blueButton -->
</testsuite> <!-- challengingDomTest -->
