<?xml version="1.0" encoding="UTF-8"?>
<!-- Generated by org.testng.reporters.JUnitXMLReporter -->
<testsuite hostname="LAPTOP-LBH78844" name="Test" tests="5" failures="0" timestamp="18 Feb 2021 19:49:07 GMT" time="20.46" errors="0">
  <testcase name="basePageTitle" time="0.016" classname="BFramework.mainPageTest"/>
  <testcase name="basicAuthRedirect" time="0.239" classname="BFramework.mainPageTest"/>
  <testcase name="login" time="0.512" classname="BFramework.loginPageTest"/>
  <testcase name="login" time="0.514" classname="BFramework.loginPageTest"/>
  <testcase name="blueButton" time="0.202" classname="BFramework.challengingDomTest"/>
</testsuite> <!-- Test -->
