<?xml version="1.0" encoding="UTF-8"?>
<!-- Generated by org.testng.reporters.JUnitXMLReporter -->
<testsuite hostname="LAPTOP-LBH78844" ignored="0" name="challengingDomTest" tests="1" failures="1" timestamp="04 мар 2021 19:07:48 GMT" time="11.858" errors="0">
  <testcase name="blueButton" time="1.137" classname="BFramework.challengingDomTest">
    <failure type="java.lang.AssertionError" message="expected [true] but found [false]">
      <![CDATA[java.lang.AssertionError: expected [true] but found [false]
at BFramework.challengingDomTest.blueButton(challengingDomTest.java:39)
at java.util.concurrent.FutureTask.run(FutureTask.java:266)
at java.util.concurrent.ThreadPoolExecutor.runWorker(ThreadPoolExecutor.java:1149)
at java.util.concurrent.ThreadPoolExecutor$Worker.run(ThreadPoolExecutor.java:624)
at java.lang.Thread.run(Thread.java:748)
... Removed 20 stack frames]]>
    </failure>
  </testcase> <!-- blueButton -->
</testsuite> <!-- challengingDomTest -->
