<?xml version="1.0" encoding="UTF-8"?>
<!-- Generated by org.testng.reporters.JUnitXMLReporter -->
<testsuite hostname="LAPTOP-LBH78844" ignored="0" name="Test" tests="5" failures="0" timestamp="18 фев 2021 20:54:54 GMT" time="22.091" errors="0">
  <testcase name="basePageTitle" time="0.017" classname="BFramework.mainPageTest"/>
  <testcase name="basicAuthRedirect" time="0.241" classname="BFramework.mainPageTest"/>
  <testcase name="login" time="0.57" classname="BFramework.loginPageTest"/>
  <testcase name="login" time="0.568" classname="BFramework.loginPageTest"/>
  <testcase name="blueButton" time="0.225" classname="BFramework.challengingDomTest"/>
</testsuite> <!-- Test -->
