-------------------------------------------------------------------------------
Test set: TestSuite
-------------------------------------------------------------------------------
Tests run: 5, Failures: 1, Errors: 0, Skipped: 0, Time elapsed: 16.147 s <<< FAILURE! - in TestSuite
BFramework.challengingDomTest.blueButton  Time elapsed: 1.023 s  <<< FAILURE!
java.lang.AssertionError: expected [true] but found [false]
	at BFramework.challengingDomTest.blueButton(challengingDomTest.java:39)

