<?xml version="1.0" encoding="UTF-8"?>
<testng-results skipped="0" failed="0" total="2" passed="2">
  <reporter-output>
  </reporter-output>
  <suite name="Default suite" duration-ms="11735" started-at="2021-02-18T23:57:44Z" finished-at="2021-02-18T23:57:56Z">
    <groups>
    </groups>
    <test name="Default test" duration-ms="11735" started-at="2021-02-18T23:57:44Z" finished-at="2021-02-18T23:57:56Z">
      <class name="BFramework.loginPageTest">
        <test-method status="PASS" signature="initialDriver()[pri:0, instance:BFramework.loginPageTest@bccb269]" name="initialDriver" is-config="true" duration-ms="6441" started-at="2021-02-18T17:57:44Z" finished-at="2021-02-18T17:57:50Z">
          <reporter-output>
          </reporter-output>
        </test-method> <!-- initialDriver -->
        <test-method status="PASS" signature="login(java.lang.String, java.lang.String, java.lang.String)[pri:0, instance:BFramework.loginPageTest@bccb269]" name="login" duration-ms="871" started-at="2021-02-18T17:57:50Z" data-provider="getNamePass" finished-at="2021-02-18T17:57:51Z">
          <params>
            <param index="0">
              <value>
                <![CDATA[WrongUsername]]>
              </value>
            </param>
            <param index="1">
              <value>
                <![CDATA[WrongPassword]]>
              </value>
            </param>
            <param index="2">
              <value>
                <![CDATA[false]]>
              </value>
            </param>
          </params>
          <reporter-output>
          </reporter-output>
        </test-method> <!-- login -->
        <test-method status="PASS" signature="closeDriver()[pri:0, instance:BFramework.loginPageTest@bccb269]" name="closeDriver" is-config="true" duration-ms="147" started-at="2021-02-18T17:57:51Z" finished-at="2021-02-18T17:57:51Z">
          <reporter-output>
          </reporter-output>
        </test-method> <!-- closeDriver -->
        <test-method status="PASS" signature="initialDriver()[pri:0, instance:BFramework.loginPageTest@bccb269]" name="initialDriver" is-config="true" duration-ms="3128" started-at="2021-02-18T17:57:51Z" finished-at="2021-02-18T17:57:54Z">
          <reporter-output>
          </reporter-output>
        </test-method> <!-- initialDriver -->
        <test-method status="PASS" signature="login(java.lang.String, java.lang.String, java.lang.String)[pri:0, instance:BFramework.loginPageTest@bccb269]" name="login" duration-ms="984" started-at="2021-02-18T17:57:54Z" data-provider="getNamePass" finished-at="2021-02-18T17:57:55Z">
          <params>
            <param index="0">
              <value>
                <![CDATA[tomsmith]]>
              </value>
            </param>
            <param index="1">
              <value>
                <![CDATA[SuperSecretPassword!]]>
              </value>
            </param>
            <param index="2">
              <value>
                <![CDATA[true]]>
              </value>
            </param>
          </params>
          <reporter-output>
          </reporter-output>
        </test-method> <!-- login -->
        <test-method status="PASS" signature="closeDriver()[pri:0, instance:BFramework.loginPageTest@bccb269]" name="closeDriver" is-config="true" duration-ms="138" started-at="2021-02-18T17:57:55Z" finished-at="2021-02-18T17:57:56Z">
          <reporter-output>
          </reporter-output>
        </test-method> <!-- closeDriver -->
      </class> <!-- BFramework.loginPageTest -->
    </test> <!-- Default test -->
  </suite> <!-- Default suite -->
</testng-results>
